<?xml version="1.0" encoding="UTF-8"?>
<!-- Generated by org.testng.reporters.JUnitReportReporter -->
<testsuite hostname="DESKTOP-GAHM23E" failures="0" tests="2" name="testScenarios.Test_AmazonHomePage" time="12.579" errors="0" timestamp="2022-02-11T16:22:23 IST" skipped="0">
  <testcase classname="testScenarios.Test_AmazonHomePage" name="HomePageOperation1" time="11.853"/>
  <system-out/>
  <testcase classname="testScenarios.Test_AmazonHomePage" name="HomePageOperation2" time="0.726"/>
  <system-out/>
</testsuite> <!-- testScenarios.Test_AmazonHomePage -->
