<?xml version="1.0" encoding="UTF-8"?>
<!-- Generated by org.testng.reporters.JUnitReportReporter -->
<testsuite hostname="DESKTOP-GAHM23E" failures="0" tests="6" name="testScenarios.Test_Amazon" time="24.672" errors="0" timestamp="2022-02-15T17:01:48 IST" skipped="0">
  <testcase classname="testScenarios.Test_Amazon" name="Signin" time="2.890"/>
  <system-out/>
  <testcase classname="testScenarios.Test_Amazon" name="EnterEmail" time="2.393"/>
  <system-out/>
  <testcase classname="testScenarios.Test_Amazon" name="EnterPassword" time="0.397"/>
  <system-out/>
  <testcase classname="testScenarios.Test_Amazon" name="HomePageOperation1" time="7.235"/>
  <system-out/>
  <testcase classname="testScenarios.Test_Amazon" name="HomePageOperation2" time="0.968"/>
  <system-out/>
  <testcase classname="testScenarios.Test_Amazon" name="addToCartOperation" time="10.789"/>
  <system-out/>
</testsuite> <!-- testScenarios.Test_Amazon -->
